/!\ FAILSAFE /!\  Wed Mar 18 22:33:06 +0530 2009
  Status: 500 Internal Server Error
  no such file to load -- sqlite3
    /usr/local/lib/site_ruby/1.8/rubygems/custom_require.rb:31:in `gem_original_require'
    /usr/local/lib/site_ruby/1.8/rubygems/custom_require.rb:31:in `require'
    /usr/lib/ruby/gems/1.8/gems/activesupport-2.3.2/lib/active_support/dependencies.rb:156:in `require'
    /usr/lib/ruby/gems/1.8/gems/activesupport-2.3.2/lib/active_support/dependencies.rb:521:in `new_constants_in'
    /usr/lib/ruby/gems/1.8/gems/activesupport-2.3.2/lib/active_support/dependencies.rb:156:in `require'
    /usr/lib/ruby/gems/1.8/gems/activesupport-2.3.2/lib/active_support/core_ext/kernel/requires.rb:7:in `require_library_or_gem'
    /usr/lib/ruby/gems/1.8/gems/activesupport-2.3.2/lib/active_support/core_ext/kernel/reporting.rb:11:in `silence_warnings'
    /usr/lib/ruby/gems/1.8/gems/activesupport-2.3.2/lib/active_support/core_ext/kernel/requires.rb:5:in `require_library_or_gem'
    /usr/lib/ruby/gems/1.8/gems/activerecord-2.3.2/lib/active_record/connection_adapters/sqlite3_adapter.rb:10:in `sqlite3_connection'
    /usr/lib/ruby/gems/1.8/gems/activerecord-2.3.2/lib/active_record/connection_adapters/abstract/connection_pool.rb:223:in `send'
    /usr/lib/ruby/gems/1.8/gems/activerecord-2.3.2/lib/active_record/connection_adapters/abstract/connection_pool.rb:223:in `new_connection'
    /usr/lib/ruby/gems/1.8/gems/activerecord-2.3.2/lib/active_record/connection_adapters/abstract/connection_pool.rb:245:in `checkout_new_connection'
    /usr/lib/ruby/gems/1.8/gems/activerecord-2.3.2/lib/active_record/connection_adapters/abstract/connection_pool.rb:188:in `checkout'
    /usr/lib/ruby/gems/1.8/gems/activerecord-2.3.2/lib/active_record/connection_adapters/abstract/connection_pool.rb:184:in `loop'
    /usr/lib/ruby/gems/1.8/gems/activerecord-2.3.2/lib/active_record/connection_adapters/abstract/connection_pool.rb:184:in `checkout'
    /usr/lib/ruby/1.8/monitor.rb:242:in `synchronize'
    /usr/lib/ruby/gems/1.8/gems/activerecord-2.3.2/lib/active_record/connection_adapters/abstract/connection_pool.rb:183:in `checkout'
    /usr/lib/ruby/gems/1.8/gems/activerecord-2.3.2/lib/active_record/connection_adapters/abstract/connection_pool.rb:98:in `connection'
    /usr/lib/ruby/gems/1.8/gems/activerecord-2.3.2/lib/active_record/connection_adapters/abstract/connection_pool.rb:326:in `retrieve_connection'
    /usr/lib/ruby/gems/1.8/gems/activerecord-2.3.2/lib/active_record/connection_adapters/abstract/connection_specification.rb:123:in `retrieve_connection'
    /usr/lib/ruby/gems/1.8/gems/activerecord-2.3.2/lib/active_record/connection_adapters/abstract/connection_specification.rb:115:in `connection'
    /usr/lib/ruby/gems/1.8/gems/activerecord-2.3.2/lib/active_record/query_cache.rb:9:in `cache'
    /usr/lib/ruby/gems/1.8/gems/activerecord-2.3.2/lib/active_record/query_cache.rb:28:in `call'
    /usr/lib/ruby/gems/1.8/gems/activerecord-2.3.2/lib/active_record/connection_adapters/abstract/connection_pool.rb:361:in `call'
    /usr/lib/ruby/gems/1.8/gems/actionpack-2.3.2/lib/action_controller/vendor/rack-1.0/rack/head.rb:9:in `call'
    /usr/lib/ruby/gems/1.8/gems/actionpack-2.3.2/lib/action_controller/vendor/rack-1.0/rack/methodoverride.rb:24:in `call'
    /usr/lib/ruby/gems/1.8/gems/actionpack-2.3.2/lib/action_controller/params_parser.rb:15:in `call'
    /usr/lib/ruby/gems/1.8/gems/actionpack-2.3.2/lib/action_controller/rewindable_input.rb:25:in `call'
    /usr/lib/ruby/gems/1.8/gems/actionpack-2.3.2/lib/action_controller/session/cookie_store.rb:93:in `call'
    /usr/lib/ruby/gems/1.8/gems/actionpack-2.3.2/lib/action_controller/reloader.rb:9:in `call'
    /usr/lib/ruby/gems/1.8/gems/actionpack-2.3.2/lib/action_controller/failsafe.rb:11:in `call'
    /usr/lib/ruby/gems/1.8/gems/actionpack-2.3.2/lib/action_controller/vendor/rack-1.0/rack/lock.rb:11:in `call'
    /usr/lib/ruby/gems/1.8/gems/actionpack-2.3.2/lib/action_controller/vendor/rack-1.0/rack/lock.rb:11:in `synchronize'
    /usr/lib/ruby/gems/1.8/gems/actionpack-2.3.2/lib/action_controller/vendor/rack-1.0/rack/lock.rb:11:in `call'
    /usr/lib/ruby/gems/1.8/gems/actionpack-2.3.2/lib/action_controller/dispatcher.rb:106:in `call'
    /usr/lib/ruby/gems/1.8/gems/rails-2.3.2/lib/rails/rack/static.rb:31:in `call'
    /usr/lib/ruby/gems/1.8/gems/actionpack-2.3.2/lib/action_controller/vendor/rack-1.0/rack/urlmap.rb:46:in `call'
    /usr/lib/ruby/gems/1.8/gems/actionpack-2.3.2/lib/action_controller/vendor/rack-1.0/rack/urlmap.rb:40:in `each'
    /usr/lib/ruby/gems/1.8/gems/actionpack-2.3.2/lib/action_controller/vendor/rack-1.0/rack/urlmap.rb:40:in `call'
    /usr/lib/ruby/gems/1.8/gems/rails-2.3.2/lib/rails/rack/log_tailer.rb:17:in `call'
    /usr/lib/ruby/gems/1.8/gems/actionpack-2.3.2/lib/action_controller/vendor/rack-1.0/rack/content_length.rb:13:in `call'
    /usr/lib/ruby/gems/1.8/gems/actionpack-2.3.2/lib/action_controller/vendor/rack-1.0/rack/chunked.rb:15:in `call'
    /usr/lib/ruby/gems/1.8/gems/actionpack-2.3.2/lib/action_controller/vendor/rack-1.0/rack/handler/mongrel.rb:61:in `process'
    /usr/lib/ruby/gems/1.8/gems/mongrel-1.1.5/lib/mongrel.rb:159:in `process_client'
    /usr/lib/ruby/gems/1.8/gems/mongrel-1.1.5/lib/mongrel.rb:158:in `each'
    /usr/lib/ruby/gems/1.8/gems/mongrel-1.1.5/lib/mongrel.rb:158:in `process_client'
    /usr/lib/ruby/gems/1.8/gems/mongrel-1.1.5/lib/mongrel.rb:285:in `run'
    /usr/lib/ruby/gems/1.8/gems/mongrel-1.1.5/lib/mongrel.rb:285:in `initialize'
    /usr/lib/ruby/gems/1.8/gems/mongrel-1.1.5/lib/mongrel.rb:285:in `new'
    /usr/lib/ruby/gems/1.8/gems/mongrel-1.1.5/lib/mongrel.rb:285:in `run'
    /usr/lib/ruby/gems/1.8/gems/mongrel-1.1.5/lib/mongrel.rb:268:in `initialize'
    /usr/lib/ruby/gems/1.8/gems/mongrel-1.1.5/lib/mongrel.rb:268:in `new'
    /usr/lib/ruby/gems/1.8/gems/mongrel-1.1.5/lib/mongrel.rb:268:in `run'
    /usr/lib/ruby/gems/1.8/gems/actionpack-2.3.2/lib/action_controller/vendor/rack-1.0/rack/handler/mongrel.rb:34:in `run'
    /usr/lib/ruby/gems/1.8/gems/rails-2.3.2/lib/commands/server.rb:111
    /usr/local/lib/site_ruby/1.8/rubygems/custom_require.rb:31:in `gem_original_require'
    /usr/local/lib/site_ruby/1.8/rubygems/custom_require.rb:31:in `require'
    script/server:3
/!\ FAILSAFE /!\  Wed Mar 18 22:33:10 +0530 2009
  Status: 500 Internal Server Error
  no such file to load -- sqlite3
    /usr/local/lib/site_ruby/1.8/rubygems/custom_require.rb:31:in `gem_original_require'
    /usr/local/lib/site_ruby/1.8/rubygems/custom_require.rb:31:in `require'
    /usr/lib/ruby/gems/1.8/gems/activesupport-2.3.2/lib/active_support/dependencies.rb:156:in `require'
    /usr/lib/ruby/gems/1.8/gems/activesupport-2.3.2/lib/active_support/dependencies.rb:521:in `new_constants_in'
    /usr/lib/ruby/gems/1.8/gems/activesupport-2.3.2/lib/active_support/dependencies.rb:156:in `require'
    /usr/lib/ruby/gems/1.8/gems/activesupport-2.3.2/lib/active_support/core_ext/kernel/requires.rb:7:in `require_library_or_gem'
    /usr/lib/ruby/gems/1.8/gems/activesupport-2.3.2/lib/active_support/core_ext/kernel/reporting.rb:11:in `silence_warnings'
    /usr/lib/ruby/gems/1.8/gems/activesupport-2.3.2/lib/active_support/core_ext/kernel/requires.rb:5:in `require_library_or_gem'
    /usr/lib/ruby/gems/1.8/gems/activerecord-2.3.2/lib/active_record/connection_adapters/sqlite3_adapter.rb:10:in `sqlite3_connection'
    /usr/lib/ruby/gems/1.8/gems/activerecord-2.3.2/lib/active_record/connection_adapters/abstract/connection_pool.rb:223:in `send'
    /usr/lib/ruby/gems/1.8/gems/activerecord-2.3.2/lib/active_record/connection_adapters/abstract/connection_pool.rb:223:in `new_connection'
    /usr/lib/ruby/gems/1.8/gems/activerecord-2.3.2/lib/active_record/connection_adapters/abstract/connection_pool.rb:245:in `checkout_new_connection'
    /usr/lib/ruby/gems/1.8/gems/activerecord-2.3.2/lib/active_record/connection_adapters/abstract/connection_pool.rb:188:in `checkout'
    /usr/lib/ruby/gems/1.8/gems/activerecord-2.3.2/lib/active_record/connection_adapters/abstract/connection_pool.rb:184:in `loop'
    /usr/lib/ruby/gems/1.8/gems/activerecord-2.3.2/lib/active_record/connection_adapters/abstract/connection_pool.rb:184:in `checkout'
    /usr/lib/ruby/1.8/monitor.rb:242:in `synchronize'
    /usr/lib/ruby/gems/1.8/gems/activerecord-2.3.2/lib/active_record/connection_adapters/abstract/connection_pool.rb:183:in `checkout'
    /usr/lib/ruby/gems/1.8/gems/activerecord-2.3.2/lib/active_record/connection_adapters/abstract/connection_pool.rb:98:in `connection'
    /usr/lib/ruby/gems/1.8/gems/activerecord-2.3.2/lib/active_record/connection_adapters/abstract/connection_pool.rb:326:in `retrieve_connection'
    /usr/lib/ruby/gems/1.8/gems/activerecord-2.3.2/lib/active_record/connection_adapters/abstract/connection_specification.rb:123:in `retrieve_connection'
    /usr/lib/ruby/gems/1.8/gems/activerecord-2.3.2/lib/active_record/connection_adapters/abstract/connection_specification.rb:115:in `connection'
    /usr/lib/ruby/gems/1.8/gems/activerecord-2.3.2/lib/active_record/query_cache.rb:9:in `cache'
    /usr/lib/ruby/gems/1.8/gems/activerecord-2.3.2/lib/active_record/query_cache.rb:28:in `call'
    /usr/lib/ruby/gems/1.8/gems/activerecord-2.3.2/lib/active_record/connection_adapters/abstract/connection_pool.rb:361:in `call'
    /usr/lib/ruby/gems/1.8/gems/actionpack-2.3.2/lib/action_controller/vendor/rack-1.0/rack/head.rb:9:in `call'
    /usr/lib/ruby/gems/1.8/gems/actionpack-2.3.2/lib/action_controller/vendor/rack-1.0/rack/methodoverride.rb:24:in `call'
    /usr/lib/ruby/gems/1.8/gems/actionpack-2.3.2/lib/action_controller/params_parser.rb:15:in `call'
    /usr/lib/ruby/gems/1.8/gems/actionpack-2.3.2/lib/action_controller/rewindable_input.rb:25:in `call'
    /usr/lib/ruby/gems/1.8/gems/actionpack-2.3.2/lib/action_controller/session/cookie_store.rb:93:in `call'
    /usr/lib/ruby/gems/1.8/gems/actionpack-2.3.2/lib/action_controller/reloader.rb:9:in `call'
    /usr/lib/ruby/gems/1.8/gems/actionpack-2.3.2/lib/action_controller/failsafe.rb:11:in `call'
    /usr/lib/ruby/gems/1.8/gems/actionpack-2.3.2/lib/action_controller/vendor/rack-1.0/rack/lock.rb:11:in `call'
    /usr/lib/ruby/gems/1.8/gems/actionpack-2.3.2/lib/action_controller/vendor/rack-1.0/rack/lock.rb:11:in `synchronize'
    /usr/lib/ruby/gems/1.8/gems/actionpack-2.3.2/lib/action_controller/vendor/rack-1.0/rack/lock.rb:11:in `call'
    /usr/lib/ruby/gems/1.8/gems/actionpack-2.3.2/lib/action_controller/dispatcher.rb:106:in `call'
    /usr/lib/ruby/gems/1.8/gems/rails-2.3.2/lib/rails/rack/static.rb:31:in `call'
    /usr/lib/ruby/gems/1.8/gems/actionpack-2.3.2/lib/action_controller/vendor/rack-1.0/rack/urlmap.rb:46:in `call'
    /usr/lib/ruby/gems/1.8/gems/actionpack-2.3.2/lib/action_controller/vendor/rack-1.0/rack/urlmap.rb:40:in `each'
    /usr/lib/ruby/gems/1.8/gems/actionpack-2.3.2/lib/action_controller/vendor/rack-1.0/rack/urlmap.rb:40:in `call'
    /usr/lib/ruby/gems/1.8/gems/rails-2.3.2/lib/rails/rack/log_tailer.rb:17:in `call'
    /usr/lib/ruby/gems/1.8/gems/actionpack-2.3.2/lib/action_controller/vendor/rack-1.0/rack/content_length.rb:13:in `call'
    /usr/lib/ruby/gems/1.8/gems/actionpack-2.3.2/lib/action_controller/vendor/rack-1.0/rack/chunked.rb:15:in `call'
    /usr/lib/ruby/gems/1.8/gems/actionpack-2.3.2/lib/action_controller/vendor/rack-1.0/rack/handler/mongrel.rb:61:in `process'
    /usr/lib/ruby/gems/1.8/gems/mongrel-1.1.5/lib/mongrel.rb:159:in `process_client'
    /usr/lib/ruby/gems/1.8/gems/mongrel-1.1.5/lib/mongrel.rb:158:in `each'
    /usr/lib/ruby/gems/1.8/gems/mongrel-1.1.5/lib/mongrel.rb:158:in `process_client'
    /usr/lib/ruby/gems/1.8/gems/mongrel-1.1.5/lib/mongrel.rb:285:in `run'
    /usr/lib/ruby/gems/1.8/gems/mongrel-1.1.5/lib/mongrel.rb:285:in `initialize'
    /usr/lib/ruby/gems/1.8/gems/mongrel-1.1.5/lib/mongrel.rb:285:in `new'
    /usr/lib/ruby/gems/1.8/gems/mongrel-1.1.5/lib/mongrel.rb:285:in `run'
    /usr/lib/ruby/gems/1.8/gems/mongrel-1.1.5/lib/mongrel.rb:268:in `initialize'
    /usr/lib/ruby/gems/1.8/gems/mongrel-1.1.5/lib/mongrel.rb:268:in `new'
    /usr/lib/ruby/gems/1.8/gems/mongrel-1.1.5/lib/mongrel.rb:268:in `run'
    /usr/lib/ruby/gems/1.8/gems/actionpack-2.3.2/lib/action_controller/vendor/rack-1.0/rack/handler/mongrel.rb:34:in `run'
    /usr/lib/ruby/gems/1.8/gems/rails-2.3.2/lib/commands/server.rb:111
    /usr/local/lib/site_ruby/1.8/rubygems/custom_require.rb:31:in `gem_original_require'
    /usr/local/lib/site_ruby/1.8/rubygems/custom_require.rb:31:in `require'
    script/server:3
  [4;36;1mSQL (0.1ms)[0m   [0;1mSET SQL_AUTO_IS_NULL=0[0m


Processing HomeController#index (for 127.0.0.1 at 2009-03-18 22:40:53) [GET]

ActionController::UnknownAction (No action responded to index. Actions: ):
  

Rendering rescues/layout (not_found)
  [4;35;1mSQL (0.2ms)[0m   [0mSET SQL_AUTO_IS_NULL=0[0m


Processing HomeController#index (for 127.0.0.1 at 2009-03-18 22:43:42) [GET]
Rendering template within layouts/application
Rendering home/index
Completed in 29ms (View: 23, DB: 0) | 200 OK [http://localhost/home]
  [4;36;1mSQL (0.2ms)[0m   [0;1mSET SQL_AUTO_IS_NULL=0[0m


Processing HomeController#index (for 127.0.0.1 at 2009-03-18 22:44:24) [GET]
Rendering template within layouts/application
Rendering home/index
Completed in 20ms (View: 12, DB: 0) | 200 OK [http://localhost/home]
  [4;35;1mSQL (0.1ms)[0m   [0mSET SQL_AUTO_IS_NULL=0[0m


Processing HomeController#index (for 127.0.0.1 at 2009-03-18 22:47:24) [GET]
Rendering template within layouts/application
Rendering home/index
Completed in 7ms (View: 4, DB: 0) | 200 OK [http://localhost/home]
  [4;36;1mSQL (0.1ms)[0m   [0;1mSET SQL_AUTO_IS_NULL=0[0m


Processing RouteController#index (for 127.0.0.1 at 2009-03-18 22:51:01) [GET]

ActionController::UnknownAction (No action responded to index. Actions: ):
  

Rendering rescues/layout (not_found)
  [4;35;1mSQL (0.2ms)[0m   [0mSET SQL_AUTO_IS_NULL=0[0m


Processing RouteController#index (for 127.0.0.1 at 2009-03-18 22:54:05) [GET]
Rendering template within layouts/application
Rendering route/index
Completed in 20ms (View: 15, DB: 0) | 200 OK [http://localhost/route]
  [4;36;1mSQL (0.1ms)[0m   [0;1mSET SQL_AUTO_IS_NULL=0[0m


Processing HomeController#index (for 127.0.0.1 at 2009-03-18 22:55:56) [GET]
Rendering template within layouts/application
Rendering home/index
Completed in 9ms (View: 3, DB: 0) | 200 OK [http://localhost/home]
  [4;35;1mSQL (0.1ms)[0m   [0mSET SQL_AUTO_IS_NULL=0[0m


Processing HomeController#index (for 127.0.0.1 at 2009-03-18 23:06:12) [GET]
Rendering template within layouts/application
Rendering home/index

ActionView::TemplateError (undefined method `from_tag' for #<ActionView::Base:0xb77863a8>) on line #13 of app/views/home/index.html.erb:
10:           list that appears.</p>
11:       <div id="route_form">
12:         <% form_for :journey do |f| -%> <!-- Change to appropriate location when latter is ready -->
13:           <p><%= from_tag 'From' %><br /><%= f.text_field :from %></p>
14:           <p><%= to_tag 'To' %><br /><%= f.text_field :to %></p>
15: 	  <p><%= route_tag 'Route' %><br /><%= f.text_field :route %></p>
16:           <%= submit_tag 'Go!' %>

    app/views/home/index.html.erb:13
    app/views/home/index.html.erb:12

Rendered rescues/_trace (52.0ms)
Rendered rescues/_request_and_response (1.4ms)
Rendering rescues/layout (internal_server_error)
  [4;36;1mSQL (0.2ms)[0m   [0;1mSET SQL_AUTO_IS_NULL=0[0m


Processing HomeController#index (for 127.0.0.1 at 2009-03-18 23:07:25) [GET]
Rendering template within layouts/application
Rendering home/index
Completed in 20ms (View: 14, DB: 0) | 200 OK [http://localhost/home]
  [4;36;1mSQL (0.1ms)[0m   [0;1mSET SQL_AUTO_IS_NULL=0[0m


Processing HomeController#index (for 127.0.0.1 at 2009-03-18 23:46:58) [GET]
Rendering template within layouts/application
Rendering home/index
Completed in 14ms (View: 12, DB: 0) | 200 OK [http://localhost/home]
  [4;35;1mSQL (0.1ms)[0m   [0mSET SQL_AUTO_IS_NULL=0[0m


Processing HomeController#index (for 127.0.0.1 at 2009-03-18 23:49:55) [GET]
Rendering template within layouts/application
Rendering home/index
Completed in 17ms (View: 11, DB: 0) | 200 OK [http://localhost/home]
  [4;36;1mSQL (0.2ms)[0m   [0;1mSET SQL_AUTO_IS_NULL=0[0m


Processing HomeController#index (for 127.0.0.1 at 2009-03-18 23:52:24) [GET]
Rendering template within layouts/application
Rendering home/index
Completed in 22ms (View: 16, DB: 0) | 200 OK [http://localhost/home]
  [4;35;1mSQL (0.2ms)[0m   [0mSET SQL_AUTO_IS_NULL=0[0m


Processing HomeController#index (for 127.0.0.1 at 2009-03-18 23:54:59) [GET]
Rendering template within layouts/application
Rendering home/index
Completed in 10ms (View: 5, DB: 0) | 200 OK [http://localhost/home]
  [4;36;1mSQL (0.1ms)[0m   [0;1mSET SQL_AUTO_IS_NULL=0[0m


Processing HomeController#index (for 127.0.0.1 at 2009-03-18 23:55:29) [GET]
Rendering template within layouts/application
Rendering home/index
Completed in 14ms (View: 12, DB: 0) | 200 OK [http://localhost/home]
  [4;36;1mSQL (0.2ms)[0m   [0;1mSET SQL_AUTO_IS_NULL=0[0m
  [4;35;1mSQL (0.6ms)[0m   [0mSHOW TABLES[0m
  [4;36;1mRoute Columns (1.5ms)[0m   [0;1mSHOW FIELDS FROM `routes`[0m
  [4;36;1mSQL (0.2ms)[0m   [0;1mSET SQL_AUTO_IS_NULL=0[0m
  [4;35;1mSQL (0.8ms)[0m   [0mSHOW TABLES[0m
  [4;36;1mRoute Columns (16.8ms)[0m   [0;1mSHOW FIELDS FROM `routes`[0m
  [4;35;1mRoute Load (1.2ms)[0m   [0mSELECT * FROM `routes` WHERE (`routes`.`id` = 1) [0m
  [4;36;1mRoute Load (0.3ms)[0m   [0;1mSELECT * FROM `routes` WHERE (`routes`.`id` = 1655) [0m
  [4;36;1mSQL (0.2ms)[0m   [0;1mSET SQL_AUTO_IS_NULL=0[0m
  [4;35;1mStage Columns (1.6ms)[0m   [0mSHOW FIELDS FROM `stages`[0m
  [4;36;1mStage Load (0.6ms)[0m   [0;1mSELECT * FROM `stages` WHERE (`stages`.`id` = 2064) [0m
  [4;35;1mStage Load (0.4ms)[0m   [0mSELECT * FROM `stages` WHERE (`stages`.`mtc_name` = 'T.V.S') LIMIT 1[0m
  [4;36;1mSQL (0.6ms)[0m   [0;1mSHOW TABLES[0m
  [4;35;1mStage Load (12.2ms)[0m   [0mSELECT * FROM `stages` [0m
  [4;36;1mStage Load (0.2ms)[0m   [0;1mSELECT * FROM `stages` WHERE (`stages`.`mtc_name` = 'T.V.S') LIMIT 1[0m
  [4;36;1mSQL (0.2ms)[0m   [0;1mSET SQL_AUTO_IS_NULL=0[0m
  [4;35;1mStage Columns (1.5ms)[0m   [0mSHOW FIELDS FROM `stages`[0m
  [4;36;1mStage Load (0.6ms)[0m   [0;1mSELECT * FROM `stages` WHERE (`stages`.`id` = 2604) [0m
  [4;36;1mSQL (0.2ms)[0m   [0;1mSET SQL_AUTO_IS_NULL=0[0m


Processing ApplicationController#index (for 127.0.0.1 at 2009-03-29 21:51:46) [GET]

ActionController::RoutingError (No route matches "/javascripts/prototype.js" with {:method=>:get}):
  

Rendering rescues/layout (not_found)
  [4;35;1mSQL (0.1ms)[0m   [0mSET SQL_AUTO_IS_NULL=0[0m


Processing ApplicationController#index (for 127.0.0.1 at 2009-03-29 21:51:46) [GET]

ActionController::RoutingError (No route matches "/javascripts/effects.js" with {:method=>:get}):
  

Rendering rescues/layout (not_found)
  [4;36;1mSQL (0.1ms)[0m   [0;1mSET SQL_AUTO_IS_NULL=0[0m


Processing HomeController#index (for 127.0.0.1 at 2009-03-29 21:52:10) [GET]
Rendering template within layouts/application
Rendering home/index
Completed in 56ms (View: 54, DB: 0) | 200 OK [http://localhost/home]
  [4;36;1mSQL (0.2ms)[0m   [0;1mSET SQL_AUTO_IS_NULL=0[0m
  [4;35;1mStage Load (21.9ms)[0m   [0mSELECT * FROM `stages` [0m
  [4;36;1mStage Columns (1.8ms)[0m   [0;1mSHOW FIELDS FROM `stages`[0m
  [4;36;1mSQL (0.1ms)[0m   [0;1mSET SQL_AUTO_IS_NULL=0[0m


Processing HomeController#index (for 127.0.0.1 at 2009-03-30 02:46:18) [GET]
Rendering template within layouts/application
Rendering home/index
Completed in 14ms (View: 12, DB: 0) | 200 OK [http://localhost/home]
  [4;35;1mSQL (0.1ms)[0m   [0mSET SQL_AUTO_IS_NULL=0[0m


Processing HomeController#index (for 127.0.0.1 at 2009-03-30 02:51:06) [GET]
Rendering template within layouts/application
Rendering home/index
Completed in 21ms (View: 19, DB: 0) | 200 OK [http://localhost/home]
  [4;36;1mSQL (0.1ms)[0m   [0;1mSET SQL_AUTO_IS_NULL=0[0m


Processing ApplicationController#allstages (for 127.0.0.1 at 2009-03-30 02:51:29) [GET]

SyntaxError (/home/ani/busroutes.in/wtfimb/app/controllers/api_controller.rb:5: syntax error, unexpected $end, expecting kEND):
  

Rendered rescues/_trace (40.5ms)
Rendered rescues/_request_and_response (1.4ms)
Rendering rescues/layout (internal_server_error)
  [4;35;1mSQL (0.1ms)[0m   [0mSET SQL_AUTO_IS_NULL=0[0m


Processing HomeController#index (for 127.0.0.1 at 2009-03-30 02:55:38) [GET]
Rendering template within layouts/application
Rendering home/index
Completed in 32ms (View: 26, DB: 0) | 200 OK [http://localhost/home]
  [4;36;1mSQL (0.1ms)[0m   [0;1mSET SQL_AUTO_IS_NULL=0[0m


Processing ApiController#allstages (for 127.0.0.1 at 2009-03-30 02:55:39) [GET]

ActionController::UnknownAction (No action responded to allstages. Actions: all_stages):
  

Rendering rescues/layout (not_found)
  [4;35;1mSQL (0.1ms)[0m   [0mSET SQL_AUTO_IS_NULL=0[0m


Processing HomeController#index (for 127.0.0.1 at 2009-03-30 02:56:05) [GET]
Rendering template within layouts/application
Rendering home/index
Completed in 23ms (View: 17, DB: 0) | 200 OK [http://localhost/home]
  [4;36;1mSQL (0.1ms)[0m   [0;1mSET SQL_AUTO_IS_NULL=0[0m


Processing ApiController#allstages (for 127.0.0.1 at 2009-03-30 02:56:06) [GET]

ActionController::UnknownAction (No action responded to allstages. Actions: all_stages):
  

Rendering rescues/layout (not_found)
  [4;35;1mSQL (0.2ms)[0m   [0mSET SQL_AUTO_IS_NULL=0[0m


Processing HomeController#index (for 127.0.0.1 at 2009-03-30 02:56:32) [GET]
Rendering template within layouts/application
Rendering home/index
Completed in 23ms (View: 18, DB: 0) | 200 OK [http://localhost/home]
  [4;36;1mSQL (0.1ms)[0m   [0;1mSET SQL_AUTO_IS_NULL=0[0m


Processing ApiController#all_stages (for 127.0.0.1 at 2009-03-30 02:56:33) [GET]
  [4;35;1mStage Load (34.8ms)[0m   [0mSELECT name, latitude, longitude, id FROM `stages` WHERE (latitude IS NOT NULL) [0m
  [4;36;1mStage Columns (0.9ms)[0m   [0;1mSHOW FIELDS FROM `stages`[0m

ActionView::MissingTemplate (Missing template api/all_stages.erb in view path app/views):
  

Rendering rescues/layout (internal_server_error)
  [4;35;1mSQL (0.2ms)[0m   [0mSET SQL_AUTO_IS_NULL=0[0m


Processing HomeController#index (for 127.0.0.1 at 2009-03-30 02:57:04) [GET]
Rendering template within layouts/application
Rendering home/index
Completed in 11ms (View: 6, DB: 0) | 200 OK [http://localhost/home]
  [4;36;1mSQL (0.1ms)[0m   [0;1mSET SQL_AUTO_IS_NULL=0[0m


Processing ApiController#all_stages (for 127.0.0.1 at 2009-03-30 02:57:05) [GET]
  [4;35;1mStage Load (0.3ms)[0m   [0mSELECT name, latitude, longitude, id FROM `stages` WHERE (latitude IS NOT NULL) [0m
  [4;36;1mStage Columns (0.7ms)[0m   [0;1mSHOW FIELDS FROM `stages`[0m
Rendering api/all_stages
Completed in 202ms (View: 5, DB: 1) | 200 OK [http://localhost/api/all_stages]
  [4;35;1mSQL (0.1ms)[0m   [0mSET SQL_AUTO_IS_NULL=0[0m


Processing HomeController#index (for 127.0.0.1 at 2009-03-30 02:58:25) [GET]
Rendering template within layouts/application
Rendering home/index
Completed in 11ms (View: 5, DB: 0) | 200 OK [http://localhost/home]
  [4;36;1mSQL (0.1ms)[0m   [0;1mSET SQL_AUTO_IS_NULL=0[0m


Processing ApiController#all_stages (for 127.0.0.1 at 2009-03-30 02:58:26) [GET]
  [4;35;1mStage Load (0.3ms)[0m   [0mSELECT name, latitude, longitude, id FROM `stages` WHERE (latitude IS NOT NULL) [0m
  [4;36;1mStage Columns (0.7ms)[0m   [0;1mSHOW FIELDS FROM `stages`[0m
Rendering api/all_stages
Completed in 99ms (View: 1, DB: 1) | 200 OK [http://localhost/api/all_stages]
  [4;35;1mSQL (0.1ms)[0m   [0mSET SQL_AUTO_IS_NULL=0[0m


Processing HomeController#index (for 127.0.0.1 at 2009-03-30 03:00:59) [GET]
Rendering template within layouts/application
Rendering home/index
Completed in 24ms (View: 18, DB: 0) | 200 OK [http://localhost/home]
  [4;36;1mSQL (0.1ms)[0m   [0;1mSET SQL_AUTO_IS_NULL=0[0m


Processing ApiController#all_stages (for 127.0.0.1 at 2009-03-30 03:01:07) [GET]
  [4;35;1mStage Load (0.3ms)[0m   [0mSELECT name, latitude, longitude, id FROM `stages` WHERE (latitude IS NOT NULL) [0m
  [4;36;1mStage Columns (0.7ms)[0m   [0;1mSHOW FIELDS FROM `stages`[0m
Rendering api/all_stages
Completed in 150ms (View: 1, DB: 1) | 200 OK [http://localhost/api/all_stages]
  [4;35;1mSQL (0.1ms)[0m   [0mSET SQL_AUTO_IS_NULL=0[0m


Processing HomeController#index (for 127.0.0.1 at 2009-03-30 03:01:35) [GET]
Rendering template within layouts/application
Rendering home/index
Completed in 13ms (View: 8, DB: 0) | 200 OK [http://localhost/home]
  [4;36;1mSQL (0.1ms)[0m   [0;1mSET SQL_AUTO_IS_NULL=0[0m


Processing ApiController#all_stages (for 127.0.0.1 at 2009-03-30 03:01:38) [GET]
  [4;35;1mStage Load (1.1ms)[0m   [0mSELECT name, latitude, longitude, id FROM `stages` WHERE (latitude IS NOT NULL) [0m
  [4;36;1mStage Columns (0.7ms)[0m   [0;1mSHOW FIELDS FROM `stages`[0m
Rendering api/all_stages
Completed in 162ms (View: 1, DB: 2) | 200 OK [http://localhost/api/all_stages]
  [4;35;1mSQL (0.2ms)[0m   [0mSET SQL_AUTO_IS_NULL=0[0m


Processing HomeController#index (for 127.0.0.1 at 2009-03-30 03:07:09) [GET]
Rendering template within layouts/application
Rendering home/index
Completed in 24ms (View: 18, DB: 0) | 200 OK [http://localhost/home]
  [4;36;1mSQL (0.1ms)[0m   [0;1mSET SQL_AUTO_IS_NULL=0[0m


Processing ApplicationController#all_stages to json (for 127.0.0.1 at 2009-03-30 03:07:26) [GET]

SyntaxError (/home/ani/busroutes.in/wtfimb/app/controllers/api_controller.rb:6: syntax error, unexpected kEND, expecting '}'):
  

Rendered rescues/_trace (40.6ms)
Rendered rescues/_request_and_response (0.3ms)
Rendering rescues/layout (internal_server_error)
  [4;35;1mSQL (0.1ms)[0m   [0mSET SQL_AUTO_IS_NULL=0[0m


Processing HomeController#index (for 127.0.0.1 at 2009-03-30 03:08:17) [GET]
Rendering template within layouts/application
Rendering home/index
Completed in 11ms (View: 6, DB: 0) | 200 OK [http://localhost/home]
  [4;36;1mSQL (0.1ms)[0m   [0;1mSET SQL_AUTO_IS_NULL=0[0m


Processing ApiController#all_stages to json (for 127.0.0.1 at 2009-03-30 03:08:17) [GET]
  [4;35;1mStage Load (0.3ms)[0m   [0mSELECT name, latitude, longitude, id FROM `stages` WHERE (latitude IS NOT NULL) [0m
  [4;36;1mStage Columns (1.0ms)[0m   [0;1mSHOW FIELDS FROM `stages`[0m
Completed in 176ms (View: 1, DB: 1) | 200 OK [http://localhost/api/all_stages.json]
  [4;35;1mSQL (0.1ms)[0m   [0mSET SQL_AUTO_IS_NULL=0[0m


Processing HomeController#index (for 127.0.0.1 at 2009-03-30 03:08:54) [GET]
Rendering template within layouts/application
Rendering home/index
Completed in 11ms (View: 7, DB: 0) | 200 OK [http://localhost/home]
  [4;36;1mSQL (0.1ms)[0m   [0;1mSET SQL_AUTO_IS_NULL=0[0m


Processing ApiController#all_stages to json (for 127.0.0.1 at 2009-03-30 03:08:56) [GET]
  [4;35;1mStage Load (0.3ms)[0m   [0mSELECT name, latitude, longitude, id FROM `stages` WHERE (latitude IS NOT NULL) [0m
  [4;36;1mStage Columns (0.9ms)[0m   [0;1mSHOW FIELDS FROM `stages`[0m
Completed in 203ms (View: 1, DB: 1) | 200 OK [http://localhost/api/all_stages.json]
  [4;35;1mSQL (0.1ms)[0m   [0mSET SQL_AUTO_IS_NULL=0[0m


Processing HomeController#index (for 127.0.0.1 at 2009-03-30 03:09:26) [GET]
Rendering template within layouts/application
Rendering home/index
Completed in 110ms (View: 100, DB: 0) | 200 OK [http://localhost/home]
  [4;36;1mSQL (0.1ms)[0m   [0;1mSET SQL_AUTO_IS_NULL=0[0m


Processing ApiController#all_stages to json (for 127.0.0.1 at 2009-03-30 03:09:28) [GET]
  [4;35;1mStage Load (0.3ms)[0m   [0mSELECT name, latitude, longitude, id FROM `stages` WHERE (latitude IS NOT NULL) [0m
  [4;36;1mStage Columns (1.0ms)[0m   [0;1mSHOW FIELDS FROM `stages`[0m
Completed in 125ms (View: 1, DB: 1) | 200 OK [http://localhost/api/all_stages.json]
  [4;35;1mSQL (0.2ms)[0m   [0mSET SQL_AUTO_IS_NULL=0[0m


Processing HomeController#index (for 127.0.0.1 at 2009-03-30 03:10:37) [GET]
Rendering template within layouts/application
Rendering home/index
Completed in 23ms (View: 18, DB: 0) | 200 OK [http://localhost/home]
  [4;36;1mSQL (0.1ms)[0m   [0;1mSET SQL_AUTO_IS_NULL=0[0m


Processing ApiController#all_stages to json (for 127.0.0.1 at 2009-03-30 03:10:38) [GET]
  [4;35;1mStage Load (0.3ms)[0m   [0mSELECT name, latitude, longitude, id FROM `stages` WHERE (latitude IS NOT NULL) [0m
  [4;36;1mStage Columns (1.1ms)[0m   [0;1mSHOW FIELDS FROM `stages`[0m
Completed in 159ms (View: 1, DB: 1) | 200 OK [http://localhost/api/all_stages.json]
  [4;35;1mSQL (0.2ms)[0m   [0mSET SQL_AUTO_IS_NULL=0[0m


Processing HomeController#index (for 127.0.0.1 at 2009-03-30 03:11:48) [GET]
Rendering template within layouts/application
Rendering home/index
Completed in 25ms (View: 18, DB: 0) | 200 OK [http://localhost/home]
  [4;36;1mSQL (0.1ms)[0m   [0;1mSET SQL_AUTO_IS_NULL=0[0m


Processing ApiController#all_stages to json (for 127.0.0.1 at 2009-03-30 03:11:51) [GET]
  [4;35;1mStage Load (0.3ms)[0m   [0mSELECT name, latitude, longitude, id FROM `stages` WHERE (latitude IS NOT NULL) [0m
  [4;36;1mStage Columns (1.0ms)[0m   [0;1mSHOW FIELDS FROM `stages`[0m
Completed in 102ms (View: 1, DB: 1) | 200 OK [http://localhost/api/all_stages.json]
  [4;35;1mSQL (0.2ms)[0m   [0mSET SQL_AUTO_IS_NULL=0[0m


Processing HomeController#index (for 127.0.0.1 at 2009-03-30 03:13:30) [GET]
Rendering template within layouts/application
Rendering home/index
Completed in 10ms (View: 7, DB: 0) | 200 OK [http://localhost/home]
  [4;36;1mSQL (0.1ms)[0m   [0;1mSET SQL_AUTO_IS_NULL=0[0m


Processing ApiController#all_stages to json (for 127.0.0.1 at 2009-03-30 03:13:53) [GET]
  [4;35;1mStage Load (0.3ms)[0m   [0mSELECT name, latitude, longitude, id FROM `stages` WHERE (latitude IS NOT NULL) [0m
  [4;36;1mStage Columns (0.9ms)[0m   [0;1mSHOW FIELDS FROM `stages`[0m
Completed in 141ms (View: 1, DB: 1) | 200 OK [http://localhost/api/all_stages.json]
  [4;36;1mSQL (0.2ms)[0m   [0;1mSET SQL_AUTO_IS_NULL=0[0m
  [4;35;1mStage Load (0.8ms)[0m   [0mSELECT name, latitude, longitude, id FROM `stages` WHERE (latitude IS NOT NULL) [0m
  [4;36;1mStage Columns (0.8ms)[0m   [0;1mSHOW FIELDS FROM `stages`[0m
  [4;35;1mStage Load (0.6ms)[0m   [0mSELECT name, latitude, longitude, id FROM `stages` WHERE (latitude IS NOT NULL) [0m
  [4;35;1mSQL (0.1ms)[0m   [0mSET SQL_AUTO_IS_NULL=0[0m


Processing HomeController#index (for 127.0.0.1 at 2009-03-30 03:18:33) [GET]
Rendering template within layouts/application
Rendering home/index
Completed in 31ms (View: 25, DB: 0) | 200 OK [http://localhost/home]
  [4;36;1mSQL (0.1ms)[0m   [0;1mSET SQL_AUTO_IS_NULL=0[0m


Processing ApiController#all_stages to json (for 127.0.0.1 at 2009-03-30 03:18:34) [GET]
  [4;35;1mStage Load (0.3ms)[0m   [0mSELECT name, latitude, longitude, id FROM `stages` WHERE (latitude IS NOT NULL) [0m
  [4;36;1mStage Columns (0.7ms)[0m   [0;1mSHOW FIELDS FROM `stages`[0m
Completed in 158ms (View: 1, DB: 1) | 200 OK [http://localhost/api/all_stages.json]
  [4;35;1mSQL (0.1ms)[0m   [0mSET SQL_AUTO_IS_NULL=0[0m


Processing HomeController#index (for 127.0.0.1 at 2009-03-30 03:19:27) [GET]
Rendering template within layouts/application
Rendering home/index
Completed in 26ms (View: 20, DB: 0) | 200 OK [http://localhost/home]
  [4;36;1mSQL (0.1ms)[0m   [0;1mSET SQL_AUTO_IS_NULL=0[0m


Processing ApiController#all_stages to json (for 127.0.0.1 at 2009-03-30 03:19:47) [GET]
  [4;35;1mStage Load (0.3ms)[0m   [0mSELECT name, latitude, longitude, id FROM `stages` WHERE (latitude IS NOT NULL) [0m
  [4;36;1mStage Columns (0.7ms)[0m   [0;1mSHOW FIELDS FROM `stages`[0m
Completed in 99ms (View: 1, DB: 1) | 200 OK [http://localhost/api/all_stages.json]
  [4;35;1mSQL (0.1ms)[0m   [0mSET SQL_AUTO_IS_NULL=0[0m


Processing HomeController#index (for 127.0.0.1 at 2009-03-30 03:20:40) [GET]
Rendering template within layouts/application
Rendering home/index
Completed in 60ms (View: 7, DB: 0) | 200 OK [http://localhost/home]
  [4;36;1mSQL (0.1ms)[0m   [0;1mSET SQL_AUTO_IS_NULL=0[0m


Processing ApiController#all_stages to json (for 127.0.0.1 at 2009-03-30 03:20:43) [GET]
  [4;35;1mStage Load (0.3ms)[0m   [0mSELECT name, latitude, longitude, id FROM `stages` WHERE (latitude IS NOT NULL) [0m
  [4;36;1mStage Columns (7.2ms)[0m   [0;1mSHOW FIELDS FROM `stages`[0m
Completed in 156ms (View: 1, DB: 8) | 200 OK [http://localhost/api/all_stages.json]
  [4;35;1mSQL (0.2ms)[0m   [0mSET SQL_AUTO_IS_NULL=0[0m


Processing HomeController#index (for 127.0.0.1 at 2009-03-30 03:22:27) [GET]
Rendering template within layouts/application
Rendering home/index
Completed in 17ms (View: 12, DB: 0) | 200 OK [http://localhost/home]
  [4;36;1mSQL (0.1ms)[0m   [0;1mSET SQL_AUTO_IS_NULL=0[0m


Processing ApiController#all_stages to json (for 127.0.0.1 at 2009-03-30 03:22:29) [GET]
  [4;35;1mStage Load (0.3ms)[0m   [0mSELECT name, latitude, longitude, id FROM `stages` WHERE (latitude IS NOT NULL) [0m
  [4;36;1mStage Columns (0.7ms)[0m   [0;1mSHOW FIELDS FROM `stages`[0m
Completed in 161ms (View: 1, DB: 1) | 200 OK [http://localhost/api/all_stages.json]
  [4;35;1mSQL (0.2ms)[0m   [0mSET SQL_AUTO_IS_NULL=0[0m


Processing HomeController#index (for 127.0.0.1 at 2009-03-30 03:24:39) [GET]
Rendering template within layouts/application
Rendering home/index
Completed in 14ms (View: 8, DB: 0) | 200 OK [http://localhost/home]
  [4;36;1mSQL (0.1ms)[0m   [0;1mSET SQL_AUTO_IS_NULL=0[0m


Processing ApiController#all_stages to json (for 127.0.0.1 at 2009-03-30 03:24:41) [GET]
  [4;35;1mStage Load (0.3ms)[0m   [0mSELECT name, latitude, longitude, id FROM `stages` WHERE (latitude IS NOT NULL) [0m
  [4;36;1mStage Columns (0.7ms)[0m   [0;1mSHOW FIELDS FROM `stages`[0m
Completed in 103ms (View: 1, DB: 1) | 200 OK [http://localhost/api/all_stages.json]
  [4;35;1mSQL (0.2ms)[0m   [0mSET SQL_AUTO_IS_NULL=0[0m


Processing StageController#index (for 127.0.0.1 at 2009-03-30 03:26:20) [GET]
Rendering template within layouts/application
Rendering stage/index
Completed in 8ms (View: 6, DB: 0) | 200 OK [http://localhost/stage]
  [4;36;1mSQL (0.1ms)[0m   [0;1mSET SQL_AUTO_IS_NULL=0[0m


Processing ApiController#all_stages to json (for 127.0.0.1 at 2009-03-30 03:26:24) [GET]
  [4;35;1mStage Load (0.3ms)[0m   [0mSELECT name, latitude, longitude, id FROM `stages` WHERE (latitude IS NOT NULL) [0m
  [4;36;1mStage Columns (0.9ms)[0m   [0;1mSHOW FIELDS FROM `stages`[0m
Completed in 103ms (View: 1, DB: 1) | 200 OK [http://localhost/api/all_stages.json]
  [4;35;1mSQL (0.1ms)[0m   [0mSET SQL_AUTO_IS_NULL=0[0m


Processing HomeController#index (for 127.0.0.1 at 2009-03-30 03:26:43) [GET]
Rendering template within layouts/application
Rendering home/index
Completed in 9ms (View: 7, DB: 0) | 200 OK [http://localhost/home]
  [4;36;1mSQL (0.1ms)[0m   [0;1mSET SQL_AUTO_IS_NULL=0[0m


Processing ApiController#all_stages to json (for 127.0.0.1 at 2009-03-30 03:26:45) [GET]
  [4;35;1mStage Load (0.3ms)[0m   [0mSELECT name, latitude, longitude, id FROM `stages` WHERE (latitude IS NOT NULL) [0m
  [4;36;1mStage Columns (0.6ms)[0m   [0;1mSHOW FIELDS FROM `stages`[0m
Completed in 180ms (View: 1, DB: 1) | 200 OK [http://localhost/api/all_stages.json]
  [4;35;1mSQL (0.1ms)[0m   [0mSET SQL_AUTO_IS_NULL=0[0m


Processing HomeController#index (for 127.0.0.1 at 2009-03-30 03:27:40) [GET]
Rendering template within layouts/application
Rendering home/index
Completed in 23ms (View: 18, DB: 0) | 200 OK [http://localhost/home]
  [4;36;1mSQL (0.2ms)[0m   [0;1mSET SQL_AUTO_IS_NULL=0[0m


Processing HomeController#index (for 127.0.0.1 at 2009-03-30 03:27:57) [GET]
Rendering template within layouts/application
Rendering home/index
Completed in 24ms (View: 18, DB: 0) | 200 OK [http://localhost/home]
  [4;35;1mSQL (0.1ms)[0m   [0mSET SQL_AUTO_IS_NULL=0[0m


Processing ApiController#all_stages to json (for 127.0.0.1 at 2009-03-30 03:27:58) [GET]
  [4;36;1mStage Load (0.3ms)[0m   [0;1mSELECT name, latitude, longitude, id FROM `stages` WHERE (latitude IS NOT NULL) [0m
  [4;35;1mStage Columns (1.9ms)[0m   [0mSHOW FIELDS FROM `stages`[0m
Completed in 159ms (View: 1, DB: 2) | 200 OK [http://localhost/api/all_stages.json]
  [4;36;1mSQL (0.1ms)[0m   [0;1mSET SQL_AUTO_IS_NULL=0[0m


Processing StageController#2291 (for 127.0.0.1 at 2009-03-30 03:28:17) [GET]

ActionController::UnknownAction (No action responded to 2291. Actions: index):
  

Rendering rescues/layout (not_found)
  [4;35;1mSQL (0.1ms)[0m   [0mSET SQL_AUTO_IS_NULL=0[0m


Processing ApiController#all_stages to json (for 127.0.0.1 at 2009-03-30 03:28:26) [GET]
  [4;36;1mStage Load (9.3ms)[0m   [0;1mSELECT name, latitude, longitude, id FROM `stages` WHERE (latitude IS NOT NULL) [0m
  [4;35;1mStage Columns (0.7ms)[0m   [0mSHOW FIELDS FROM `stages`[0m
Completed in 118ms (View: 1, DB: 10) | 200 OK [http://localhost/api/all_stages.json]
